<?xml version="1.0" encoding="UTF-8"?>
<!-- Generated by org.testng.reporters.JUnitXMLReporter -->
<testsuite ignored="10" hostname="DESKTOP-Q32SSB0" failures="1" tests="2" name="Default test" time="57.063" errors="0" timestamp="2021-02-22T18:00:08 EET">
  <testcase classname="TestCases.HomePage" name="Linkedin_Account" time="2.648">
    <failure type="java.lang.AssertionError" message="expected [https://www.linkedin.com/company/growthbytes/] but found [https://www.linkedin.com/authwall?trk=gf&amp;amp;trkInfo=AQEzkVO8HfN3QQAAAXfKd73ItEvwvW-ziZpqUPICJB_7-zPCTsYlv7d-4bXNTWcjyaXg9uMpsNYAO_IEU2DuwvGEsiUKoVOQhYnpVOz-8sfElPWU4IP6HV1-Ef7lgefjuevUGb0=&amp;amp;originalReferer=https://growth-bytes.com/&amp;amp;sessionRedirect=https%3A%2F%2Fwww.linkedin.com%2Fcompany%2Fgrowthbytes%2F]">
      <![CDATA[java.lang.AssertionError: expected [https://www.linkedin.com/company/growthbytes/] but found [https://www.linkedin.com/authwall?trk=gf&trkInfo=AQEzkVO8HfN3QQAAAXfKd73ItEvwvW-ziZpqUPICJB_7-zPCTsYlv7d-4bXNTWcjyaXg9uMpsNYAO_IEU2DuwvGEsiUKoVOQhYnpVOz-8sfElPWU4IP6HV1-Ef7lgefjuevUGb0=&originalReferer=https://growth-bytes.com/&sessionRedirect=https%3A%2F%2Fwww.linkedin.com%2Fcompany%2Fgrowthbytes%2F]
at org.testng.Assert.fail(Assert.java:99)
at org.testng.Assert.failNotEquals(Assert.java:1037)
at org.testng.Assert.assertEqualsImpl(Assert.java:140)
at org.testng.Assert.assertEquals(Assert.java:122)
at org.testng.Assert.assertEquals(Assert.java:629)
at org.testng.Assert.assertEquals(Assert.java:639)
at TestCases.HomePage.Linkedin_Account(HomePage.java:174)
at java.base/jdk.internal.reflect.NativeMethodAccessorImpl.invoke0(Native Method)
at java.base/jdk.internal.reflect.NativeMethodAccessorImpl.invoke(NativeMethodAccessorImpl.java:64)
at java.base/jdk.internal.reflect.DelegatingMethodAccessorImpl.invoke(DelegatingMethodAccessorImpl.java:43)
at java.base/java.lang.reflect.Method.invoke(Method.java:564)
at org.testng.internal.MethodInvocationHelper.invokeMethod(MethodInvocationHelper.java:132)
at org.testng.internal.TestInvoker.invokeMethod(TestInvoker.java:599)
at org.testng.internal.TestInvoker.invokeTestMethod(TestInvoker.java:174)
at org.testng.internal.MethodRunner.runInSequence(MethodRunner.java:46)
at org.testng.internal.TestInvoker$MethodInvocationAgent.invoke(TestInvoker.java:822)
at org.testng.internal.TestInvoker.invokeTestMethods(TestInvoker.java:147)
at org.testng.internal.TestMethodWorker.invokeTestMethods(TestMethodWorker.java:146)
at org.testng.internal.TestMethodWorker.run(TestMethodWorker.java:128)
at java.base/java.util.ArrayList.forEach(ArrayList.java:1511)
at org.testng.TestRunner.privateRun(TestRunner.java:764)
at org.testng.TestRunner.run(TestRunner.java:585)
at org.testng.SuiteRunner.runTest(SuiteRunner.java:384)
at org.testng.SuiteRunner.runSequentially(SuiteRunner.java:378)
at org.testng.SuiteRunner.privateRun(SuiteRunner.java:337)
at org.testng.SuiteRunner.run(SuiteRunner.java:286)
at org.testng.SuiteRunnerWorker.runSuite(SuiteRunnerWorker.java:53)
at org.testng.SuiteRunnerWorker.run(SuiteRunnerWorker.java:96)
at org.testng.TestNG.runSuitesSequentially(TestNG.java:1218)
at org.testng.TestNG.runSuitesLocally(TestNG.java:1140)
at org.testng.TestNG.runSuites(TestNG.java:1069)
at org.testng.TestNG.run(TestNG.java:1037)
at org.testng.remote.AbstractRemoteTestNG.run(AbstractRemoteTestNG.java:115)
at org.testng.remote.RemoteTestNG.initAndRun(RemoteTestNG.java:251)
at org.testng.remote.RemoteTestNG.main(RemoteTestNG.java:77)
]]>
    </failure>
  </testcase> <!-- Linkedin_Account -->
  <testcase classname="TestCases.HomePage" name="Twitter_Account" time="5.143"/>
  <testcase classname="TestCases.HomePage" name="Facebook_Account" time="0.0">
    <ignored/>
  </testcase> <!-- Facebook_Account -->
  <testcase classname="TestCases.HomePage" name="Check_If_Emailaddress_Displyed_And_Clickable" time="0.0">
    <ignored/>
  </testcase> <!-- Check_If_Emailaddress_Displyed_And_Clickable -->
  <testcase classname="TestCases.HomePage" name="Tools_and_Forms_Packages" time="0.0">
    <ignored/>
  </testcase> <!-- Tools_and_Forms_Packages -->
  <testcase classname="TestCases.HomePage" name="CheckIfUserNameClickableAndDisplyed" time="0.0">
    <ignored/>
  </testcase> <!-- CheckIfUserNameClickableAndDisplyed -->
  <testcase classname="TestCases.HomePage" name="Click_at_Arrow_To_See_Products" time="0.0">
    <ignored/>
  </testcase> <!-- Click_at_Arrow_To_See_Products -->
  <testcase classname="TestCases.HomePage" name="Policies_and_procedures_Packages" time="0.0">
    <ignored/>
  </testcase> <!-- Policies_and_procedures_Packages -->
  <testcase classname="TestCases.HomePage" name="Click_at_Arrow_To_See_Feedback" time="0.0">
    <ignored/>
  </testcase> <!-- Click_at_Arrow_To_See_Feedback -->
  <testcase classname="TestCases.HomePage" name="Check_If_WishList_Displyed_And_Clickable" time="0.0">
    <ignored/>
  </testcase> <!-- Check_If_WishList_Displyed_And_Clickable -->
  <testcase classname="TestCases.HomePage" name="Rapid_Development_Packages" time="0.0">
    <ignored/>
  </testcase> <!-- Rapid_Development_Packages -->
  <testcase classname="TestCases.HomePage" name="Webinars_Packages" time="0.0">
    <ignored/>
  </testcase> <!-- Webinars_Packages -->
</testsuite> <!-- Default test -->
