<?xml version="1.0" encoding="UTF-8"?>
<!-- Generated by org.testng.reporters.JUnitXMLReporter -->
<testsuite ignored="3" hostname="DESKTOP-Q32SSB0" failures="0" tests="1" name="Default test" time="35.475" errors="0" timestamp="2021-02-26T21:57:56 EET">
  <testcase classname="TestCases.Videos" name="Financial_Video" time="22.607"/>
  <testcase classname="TestCases.Videos" name="Sales_Video" time="0.0">
    <ignored/>
  </testcase> <!-- Sales_Video -->
  <testcase classname="TestCases.Videos" name="HR_Video" time="0.0">
    <ignored/>
  </testcase> <!-- HR_Video -->
  <testcase classname="TestCases.Videos" name="Home_Page_Video" time="0.0">
    <ignored/>
  </testcase> <!-- Home_Page_Video -->
</testsuite> <!-- Default test -->
