<?xml version="1.0" encoding="UTF-8"?>
<!-- Generated by org.testng.reporters.JUnitXMLReporter -->
<testsuite ignored="6" hostname="DESKTOP-Q32SSB0" failures="0" tests="1" name="Default test" time="32.33" errors="0" timestamp="2021-02-27T21:13:26 EET">
  <testcase classname="TestCases.MyAccount" name="Edit_Account_Test" time="20.382"/>
  <testcase classname="TestCases.MyAccount" name="Webinars_Test" time="0.0">
    <ignored/>
  </testcase> <!-- Webinars_Test -->
  <testcase classname="TestCases.MyAccount" name="Control_Board_Test" time="0.0">
    <ignored/>
  </testcase> <!-- Control_Board_Test -->
  <testcase classname="TestCases.MyAccount" name="Policies_Procedures_Test" time="0.0">
    <ignored/>
  </testcase> <!-- Policies_Procedures_Test -->
  <testcase classname="TestCases.MyAccount" name="Tools_Forms_Test" time="0.0">
    <ignored/>
  </testcase> <!-- Tools_Forms_Test -->
  <testcase classname="TestCases.MyAccount" name="Ratings_Test" time="0.0">
    <ignored/>
  </testcase> <!-- Ratings_Test -->
  <testcase classname="TestCases.MyAccount" name="Rapid_Development_Test" time="0.0">
    <ignored/>
  </testcase> <!-- Rapid_Development_Test -->
</testsuite> <!-- Default test -->
