<?xml version="1.0" encoding="UTF-8"?>
<!-- Generated by org.testng.reporters.JUnitXMLReporter -->
<testsuite ignored="8" hostname="DESKTOP-Q32SSB0" failures="0" tests="1" name="Default test" time="15.056" errors="0" timestamp="2021-02-19T21:23:41 EET">
  <testcase classname="TestCases.HomePage" name="Click_at_Arrow_To_See_Feedback" time="1.496"/>
  <testcase classname="TestCases.HomePage" name="Check_If_Emailaddress_Displyed_And_Clickable" time="0.0">
    <ignored/>
  </testcase> <!-- Check_If_Emailaddress_Displyed_And_Clickable -->
  <testcase classname="TestCases.HomePage" name="Tools_and_Forms_Packages" time="0.0">
    <ignored/>
  </testcase> <!-- Tools_and_Forms_Packages -->
  <testcase classname="TestCases.HomePage" name="CheckIfUserNameClickableAndDisplyed" time="0.0">
    <ignored/>
  </testcase> <!-- CheckIfUserNameClickableAndDisplyed -->
  <testcase classname="TestCases.HomePage" name="Click_at_Arrow_To_See_Products" time="0.0">
    <ignored/>
  </testcase> <!-- Click_at_Arrow_To_See_Products -->
  <testcase classname="TestCases.HomePage" name="Policies_and_procedures_Packages" time="0.0">
    <ignored/>
  </testcase> <!-- Policies_and_procedures_Packages -->
  <testcase classname="TestCases.HomePage" name="Check_If_WishList_Displyed_And_Clickable" time="0.0">
    <ignored/>
  </testcase> <!-- Check_If_WishList_Displyed_And_Clickable -->
  <testcase classname="TestCases.HomePage" name="Rapid_Development_Packages" time="0.0">
    <ignored/>
  </testcase> <!-- Rapid_Development_Packages -->
  <testcase classname="TestCases.HomePage" name="Webinars_Packages" time="0.0">
    <ignored/>
  </testcase> <!-- Webinars_Packages -->
</testsuite> <!-- Default test -->
