<?xml version="1.0" encoding="UTF-8"?>
<!-- Generated by org.testng.reporters.JUnitXMLReporter -->
<testsuite ignored="0" hostname="DESKTOP-Q32SSB0" failures="0" tests="9" name="Default test" time="345.744" errors="0" timestamp="2021-02-19T17:19:11 EET">
  <testcase classname="TestCases.Assessments" name="HR_Assessment" time="23.471"/>
  <testcase classname="TestCases.Assessments" name="Sales_Assessment" time="23.193"/>
  <testcase classname="TestCases.Assessments" name="Financial_Assessment" time="28.937"/>
  <testcase classname="TestCases.Assessments" name="Marketing_Assessment" time="25.624"/>
  <testcase classname="TestCases.Assessments" name="Processes_Assessment" time="24.697"/>
  <testcase classname="TestCases.Assessments" name="Digitization_Assessment" time="22.945"/>
  <testcase classname="TestCases.Assessments" name="TheStrategy_Assessment" time="23.189"/>
  <testcase classname="TestCases.Assessments" name="OrganizationalStructure_Assessment" time="21.336"/>
  <testcase classname="TestCases.Assessments" name="ComprehensiveEvaluation" time="51.983"/>
</testsuite> <!-- Default test -->
