<?xml version="1.0" encoding="UTF-8"?>
<testng-results ignored="8" total="9" passed="1" failed="0" skipped="0">
  <reporter-output>
  </reporter-output>
  <suite started-at="2021-02-19T21:23:26 EET" name="Default suite" finished-at="2021-02-19T21:23:41 EET" duration-ms="15056">
    <groups>
    </groups>
    <test started-at="2021-02-19T21:23:26 EET" name="Default test" finished-at="2021-02-19T21:23:41 EET" duration-ms="15056">
      <class name="TestCases.HomePage">
        <test-method is-config="true" signature="setup(java.lang.reflect.Method)[pri:0, instance:TestCases.HomePage@30b7c004]" started-at="2021-02-19T21:23:26 EET" name="setup" finished-at="2021-02-19T21:23:36 EET" duration-ms="10261" status="PASS">
          <params>
            <param index="0">
              <value>
                <![CDATA[public void TestCases.HomePage.Click_at_Arrow_To_See_Feedback()]]>
              </value>
            </param>
          </params>
          <reporter-output>
          </reporter-output>
        </test-method> <!-- setup -->
        <test-method signature="Click_at_Arrow_To_See_Feedback()[pri:0, instance:TestCases.HomePage@30b7c004]" started-at="2021-02-19T21:23:36 EET" name="Click_at_Arrow_To_See_Feedback" finished-at="2021-02-19T21:23:38 EET" duration-ms="1496" status="PASS">
          <reporter-output>
          </reporter-output>
        </test-method> <!-- Click_at_Arrow_To_See_Feedback -->
        <test-method is-config="true" signature="teardown(java.lang.reflect.Method)[pri:0, instance:TestCases.HomePage@30b7c004]" started-at="2021-02-19T21:23:38 EET" name="teardown" finished-at="2021-02-19T21:23:41 EET" duration-ms="3235" status="PASS">
          <params>
            <param index="0">
              <value>
                <![CDATA[public void TestCases.HomePage.Click_at_Arrow_To_See_Feedback()]]>
              </value>
            </param>
          </params>
          <reporter-output>
          </reporter-output>
        </test-method> <!-- teardown -->
      </class> <!-- TestCases.HomePage -->
    </test> <!-- Default test -->
  </suite> <!-- Default suite -->
</testng-results>
