<?xml version="1.0" encoding="UTF-8"?>
<!-- Generated by org.testng.reporters.JUnitReportReporter -->
<testsuite hostname="DESKTOP-Q32SSB0" failures="0" tests="11" name="TestCases.Assessments" time="33.632" errors="0" timestamp="2021-02-22T17:34:54 EET" skipped="10">
  <testcase classname="TestCases.Assessments" name="Facebook_Account" time="33.632"/>
  <system-out/>
  <testcase classname="TestCases.Assessments" name="Digitization_Assessment">
    <skipped/>
  </testcase> <!-- Digitization_Assessment -->
  <system-out/>
  <testcase classname="TestCases.Assessments" name="Marketing_Assessment">
    <skipped/>
  </testcase> <!-- Marketing_Assessment -->
  <system-out/>
  <testcase classname="TestCases.Assessments" name="ComprehensiveEvaluation">
    <skipped/>
  </testcase> <!-- ComprehensiveEvaluation -->
  <system-out/>
  <testcase classname="TestCases.Assessments" name="Processes_Assessment">
    <skipped/>
  </testcase> <!-- Processes_Assessment -->
  <system-out/>
  <testcase classname="TestCases.Assessments" name="OrganizationalStructure_Assessment">
    <skipped/>
  </testcase> <!-- OrganizationalStructure_Assessment -->
  <system-out/>
  <testcase classname="TestCases.Assessments" name="Financial_Assessment">
    <skipped/>
  </testcase> <!-- Financial_Assessment -->
  <system-out/>
  <testcase classname="TestCases.Assessments" name="TheStrategy_Assessment">
    <skipped/>
  </testcase> <!-- TheStrategy_Assessment -->
  <system-out/>
  <testcase classname="TestCases.Assessments" name="Sales_Assessment">
    <skipped/>
  </testcase> <!-- Sales_Assessment -->
  <system-out/>
  <testcase classname="TestCases.Assessments" name="Send_The_Result_Of_Assessment_By_Email">
    <skipped/>
  </testcase> <!-- Send_The_Result_Of_Assessment_By_Email -->
  <system-out/>
  <testcase classname="TestCases.Assessments" name="HR_Assessment">
    <skipped/>
  </testcase> <!-- HR_Assessment -->
  <system-out/>
</testsuite> <!-- TestCases.Assessments -->
