<?xml version="1.0" encoding="UTF-8"?>
<!-- Generated by org.testng.reporters.JUnitReportReporter -->
<testsuite hostname="DESKTOP-Q32SSB0" failures="0" tests="5" name="TestCases.SignUpPage" time="49.889" errors="0" timestamp="2021-02-12T16:40:16 EET" skipped="0">
  <testcase classname="TestCases.SignUpPage" name="RegisterTitleIsDesplyed" time="7.224"/>
  <system-out/>
  <testcase classname="TestCases.SignUpPage" name="AddInfoToRegister_HappyScenario" time="11.807"/>
  <system-out/>
  <testcase classname="TestCases.SignUpPage" name="AddInfoToRegister_SadScenario01" time="10.818"/>
  <system-out/>
  <testcase classname="TestCases.SignUpPage" name="AddInfoToRegister_SadScenario02" time="10.336"/>
  <system-out/>
  <testcase classname="TestCases.SignUpPage" name="AddInfoToRegister_SadScenario03" time="9.704"/>
  <system-out/>
</testsuite> <!-- TestCases.SignUpPage -->
