<?xml version="1.0" encoding="UTF-8"?>
<!-- Generated by org.testng.reporters.JUnitReportReporter -->
<testsuite hostname="DESKTOP-Q32SSB0" failures="0" tests="3" name="TestCases.LogInPage" time="13.931" errors="0" timestamp="2021-02-13T18:39:47 EET" skipped="2">
  <testcase classname="TestCases.LogInPage" name="ForgetpasswordTest" time="13.931"/>
  <system-out/>
  <testcase classname="TestCases.LogInPage" name="Addinfo_ScenarioTest">
    <skipped/>
  </testcase> <!-- Addinfo_ScenarioTest -->
  <system-out/>
  <testcase classname="TestCases.LogInPage" name="addinfo_ScenarioTest">
    <skipped/>
  </testcase> <!-- addinfo_ScenarioTest -->
  <system-out/>
</testsuite> <!-- TestCases.LogInPage -->
