<?xml version="1.0" encoding="UTF-8"?>
<!-- Generated by org.testng.reporters.JUnitReportReporter -->
<testsuite hostname="DESKTOP-Q32SSB0" failures="0" tests="14" name="TestCases.HomePage" time="32.152" errors="1" timestamp="2021-02-25T23:17:10 EET" skipped="13">
  <testcase classname="TestCases.HomePage" name="Add_To_Cart_Test" time="32.152">
    <error message="Expected condition failed: waiting for visibility of element located by By.xpath: //div[contains(@class,&#039;card-overlay text-center&#039;)] (tried for 10 second(s) with 500 milliseconds interval)
Build info: version: &#039;3.141.59&#039;, revision: &#039;e82be7d358&#039;, time: &#039;2018-11-14T08:25:48&#039;
System info: host: &#039;DESKTOP-Q32SSB0&#039;, ip: &#039;192.168.1.130&#039;, os.name: &#039;Windows 10&#039;, os.arch: &#039;amd64&#039;, os.version: &#039;10.0&#039;, java.version: &#039;15.0.2&#039;
Driver info: org.openqa.selenium.chrome.ChromeDriver
Capabilities {acceptInsecureCerts: false, browserName: chrome, browserVersion: 88.0.4324.182, chrome: {chromedriverVersion: 88.0.4324.96 (68dba2d8a0b14..., userDataDir: C:\Users\ahmad\AppData\Loca...}, goog:chromeOptions: {debuggerAddress: localhost:54121}, javascriptEnabled: true, networkConnectionEnabled: false, pageLoadStrategy: normal, platform: WINDOWS, platformName: WINDOWS, proxy: Proxy(), setWindowRect: true, strictFileInteractability: false, timeouts: {implicit: 0, pageLoad: 300000, script: 30000}, unhandledPromptBehavior: dismiss and notify, webauthn:extension:largeBlob: true, webauthn:virtualAuthenticators: true}
Session ID: d4e2ec00a29fd2f606ed8fc635316995" type="org.openqa.selenium.TimeoutException">
      <![CDATA[org.openqa.selenium.TimeoutException: Expected condition failed: waiting for visibility of element located by By.xpath: //div[contains(@class,'card-overlay text-center')] (tried for 10 second(s) with 500 milliseconds interval)
Build info: version: '3.141.59', revision: 'e82be7d358', time: '2018-11-14T08:25:48'
System info: host: 'DESKTOP-Q32SSB0', ip: '192.168.1.130', os.name: 'Windows 10', os.arch: 'amd64', os.version: '10.0', java.version: '15.0.2'
Driver info: org.openqa.selenium.chrome.ChromeDriver
Capabilities {acceptInsecureCerts: false, browserName: chrome, browserVersion: 88.0.4324.182, chrome: {chromedriverVersion: 88.0.4324.96 (68dba2d8a0b14..., userDataDir: C:\Users\ahmad\AppData\Loca...}, goog:chromeOptions: {debuggerAddress: localhost:54121}, javascriptEnabled: true, networkConnectionEnabled: false, pageLoadStrategy: normal, platform: WINDOWS, platformName: WINDOWS, proxy: Proxy(), setWindowRect: true, strictFileInteractability: false, timeouts: {implicit: 0, pageLoad: 300000, script: 30000}, unhandledPromptBehavior: dismiss and notify, webauthn:extension:largeBlob: true, webauthn:virtualAuthenticators: true}
Session ID: d4e2ec00a29fd2f606ed8fc635316995
at org.openqa.selenium.support.ui.WebDriverWait.timeoutException(WebDriverWait.java:95)
at org.openqa.selenium.support.ui.FluentWait.until(FluentWait.java:272)
at TestCases.HomePage.Add_To_Cart_Test(HomePage.java:219)
at java.base/jdk.internal.reflect.NativeMethodAccessorImpl.invoke0(Native Method)
at java.base/jdk.internal.reflect.NativeMethodAccessorImpl.invoke(NativeMethodAccessorImpl.java:64)
at java.base/jdk.internal.reflect.DelegatingMethodAccessorImpl.invoke(DelegatingMethodAccessorImpl.java:43)
at java.base/java.lang.reflect.Method.invoke(Method.java:564)
at org.testng.internal.MethodInvocationHelper.invokeMethod(MethodInvocationHelper.java:132)
at org.testng.internal.TestInvoker.invokeMethod(TestInvoker.java:599)
at org.testng.internal.TestInvoker.invokeTestMethod(TestInvoker.java:174)
at org.testng.internal.MethodRunner.runInSequence(MethodRunner.java:46)
at org.testng.internal.TestInvoker$MethodInvocationAgent.invoke(TestInvoker.java:822)
at org.testng.internal.TestInvoker.invokeTestMethods(TestInvoker.java:147)
at org.testng.internal.TestMethodWorker.invokeTestMethods(TestMethodWorker.java:146)
at org.testng.internal.TestMethodWorker.run(TestMethodWorker.java:128)
at java.base/java.util.ArrayList.forEach(ArrayList.java:1511)
at org.testng.TestRunner.privateRun(TestRunner.java:764)
at org.testng.TestRunner.run(TestRunner.java:585)
at org.testng.SuiteRunner.runTest(SuiteRunner.java:384)
at org.testng.SuiteRunner.runSequentially(SuiteRunner.java:378)
at org.testng.SuiteRunner.privateRun(SuiteRunner.java:337)
at org.testng.SuiteRunner.run(SuiteRunner.java:286)
at org.testng.SuiteRunnerWorker.runSuite(SuiteRunnerWorker.java:53)
at org.testng.SuiteRunnerWorker.run(SuiteRunnerWorker.java:96)
at org.testng.TestNG.runSuitesSequentially(TestNG.java:1218)
at org.testng.TestNG.runSuitesLocally(TestNG.java:1140)
at org.testng.TestNG.runSuites(TestNG.java:1069)
at org.testng.TestNG.run(TestNG.java:1037)
at org.testng.remote.AbstractRemoteTestNG.run(AbstractRemoteTestNG.java:115)
at org.testng.remote.RemoteTestNG.initAndRun(RemoteTestNG.java:251)
at org.testng.remote.RemoteTestNG.main(RemoteTestNG.java:77)
]]>
    </error>
  </testcase> <!-- Add_To_Cart_Test -->
  <system-out/>
  <testcase classname="TestCases.HomePage" name="Facebook_Account">
    <skipped/>
  </testcase> <!-- Facebook_Account -->
  <system-out/>
  <testcase classname="TestCases.HomePage" name="Policies_and_procedures_Packages">
    <skipped/>
  </testcase> <!-- Policies_and_procedures_Packages -->
  <system-out/>
  <testcase classname="TestCases.HomePage" name="Download_the_Guide_Now">
    <skipped/>
  </testcase> <!-- Download_the_Guide_Now -->
  <system-out/>
  <testcase classname="TestCases.HomePage" name="Click_at_Arrow_To_See_Feedback">
    <skipped/>
  </testcase> <!-- Click_at_Arrow_To_See_Feedback -->
  <system-out/>
  <testcase classname="TestCases.HomePage" name="Check_If_WishList_Displyed_And_Clickable">
    <skipped/>
  </testcase> <!-- Check_If_WishList_Displyed_And_Clickable -->
  <system-out/>
  <testcase classname="TestCases.HomePage" name="Webinars_Packages">
    <skipped/>
  </testcase> <!-- Webinars_Packages -->
  <system-out/>
  <testcase classname="TestCases.HomePage" name="Linkedin_Account">
    <skipped/>
  </testcase> <!-- Linkedin_Account -->
  <system-out/>
  <testcase classname="TestCases.HomePage" name="Twitter_Account">
    <skipped/>
  </testcase> <!-- Twitter_Account -->
  <system-out/>
  <testcase classname="TestCases.HomePage" name="Check_If_Emailaddress_Displyed_And_Clickable">
    <skipped/>
  </testcase> <!-- Check_If_Emailaddress_Displyed_And_Clickable -->
  <system-out/>
  <testcase classname="TestCases.HomePage" name="Tools_and_Forms_Packages">
    <skipped/>
  </testcase> <!-- Tools_and_Forms_Packages -->
  <system-out/>
  <testcase classname="TestCases.HomePage" name="CheckIfUserNameClickableAndDisplyed">
    <skipped/>
  </testcase> <!-- CheckIfUserNameClickableAndDisplyed -->
  <system-out/>
  <testcase classname="TestCases.HomePage" name="Click_at_Arrow_To_See_Products">
    <skipped/>
  </testcase> <!-- Click_at_Arrow_To_See_Products -->
  <system-out/>
  <testcase classname="TestCases.HomePage" name="Rapid_Development_Packages">
    <skipped/>
  </testcase> <!-- Rapid_Development_Packages -->
  <system-out/>
</testsuite> <!-- TestCases.HomePage -->
