<?xml version="1.0" encoding="UTF-8"?>
<!-- Generated by org.testng.reporters.JUnitReportReporter -->
<testsuite hostname="DESKTOP-Q32SSB0" failures="0" tests="7" name="TestCases.MyAccount" time="32.256" errors="0" timestamp="2021-02-27T21:13:26 EET" skipped="6">
  <testcase classname="TestCases.MyAccount" name="Edit_Account_Test" time="32.256"/>
  <system-out/>
  <testcase classname="TestCases.MyAccount" name="Webinars_Test">
    <skipped/>
  </testcase> <!-- Webinars_Test -->
  <system-out/>
  <testcase classname="TestCases.MyAccount" name="Control_Board_Test">
    <skipped/>
  </testcase> <!-- Control_Board_Test -->
  <system-out/>
  <testcase classname="TestCases.MyAccount" name="Policies_Procedures_Test">
    <skipped/>
  </testcase> <!-- Policies_Procedures_Test -->
  <system-out/>
  <testcase classname="TestCases.MyAccount" name="Tools_Forms_Test">
    <skipped/>
  </testcase> <!-- Tools_Forms_Test -->
  <system-out/>
  <testcase classname="TestCases.MyAccount" name="Ratings_Test">
    <skipped/>
  </testcase> <!-- Ratings_Test -->
  <system-out/>
  <testcase classname="TestCases.MyAccount" name="Rapid_Development_Test">
    <skipped/>
  </testcase> <!-- Rapid_Development_Test -->
  <system-out/>
</testsuite> <!-- TestCases.MyAccount -->
