<?xml version="1.0" encoding="UTF-8"?>
<!-- Generated by org.testng.reporters.JUnitReportReporter -->
<testsuite hostname="DESKTOP-Q32SSB0" failures="0" tests="4" name="TestCases.HomePage" time="38.511" errors="0" timestamp="2021-02-17T21:31:27 EET" skipped="3">
  <testcase classname="TestCases.HomePage" name="Check_At_HR_Assessment" time="38.511"/>
  <system-out/>
  <testcase classname="TestCases.HomePage" name="Check_If_Emailaddress_Displyed_And_Clickable">
    <skipped/>
  </testcase> <!-- Check_If_Emailaddress_Displyed_And_Clickable -->
  <system-out/>
  <testcase classname="TestCases.HomePage" name="CheckIfUserNameClickableAndDisplyed">
    <skipped/>
  </testcase> <!-- CheckIfUserNameClickableAndDisplyed -->
  <system-out/>
  <testcase classname="TestCases.HomePage" name="Check_If_WishList_Displyed_And_Clickable">
    <skipped/>
  </testcase> <!-- Check_If_WishList_Displyed_And_Clickable -->
  <system-out/>
</testsuite> <!-- TestCases.HomePage -->
