<?xml version="1.0" encoding="UTF-8"?>
<!-- Generated by org.testng.reporters.JUnitReportReporter -->
<testsuite hostname="DESKTOP-Q32SSB0" failures="0" tests="9" name="TestCases.Assessments" time="345.633" errors="0" timestamp="2021-02-19T17:19:11 EET" skipped="0">
  <testcase classname="TestCases.Assessments" name="HR_Assessment" time="32.887"/>
  <system-out/>
  <testcase classname="TestCases.Assessments" name="Sales_Assessment" time="39.201"/>
  <system-out/>
  <testcase classname="TestCases.Assessments" name="Financial_Assessment" time="40.309"/>
  <system-out/>
  <testcase classname="TestCases.Assessments" name="Marketing_Assessment" time="34.902"/>
  <system-out/>
  <testcase classname="TestCases.Assessments" name="Processes_Assessment" time="33.492"/>
  <system-out/>
  <testcase classname="TestCases.Assessments" name="Digitization_Assessment" time="33.608"/>
  <system-out/>
  <testcase classname="TestCases.Assessments" name="TheStrategy_Assessment" time="34.425"/>
  <system-out/>
  <testcase classname="TestCases.Assessments" name="OrganizationalStructure_Assessment" time="33.871"/>
  <system-out/>
  <testcase classname="TestCases.Assessments" name="ComprehensiveEvaluation" time="62.938"/>
  <system-out/>
</testsuite> <!-- TestCases.Assessments -->
