<?xml version="1.0" encoding="UTF-8"?>
<!-- Generated by org.testng.reporters.JUnitReportReporter -->
<testsuite hostname="DESKTOP-Q32SSB0" failures="0" tests="4" name="TestCases.Videos" time="35.405" errors="0" timestamp="2021-02-26T21:57:56 EET" skipped="3">
  <testcase classname="TestCases.Videos" name="Financial_Video" time="35.405"/>
  <system-out/>
  <testcase classname="TestCases.Videos" name="Sales_Video">
    <skipped/>
  </testcase> <!-- Sales_Video -->
  <system-out/>
  <testcase classname="TestCases.Videos" name="HR_Video">
    <skipped/>
  </testcase> <!-- HR_Video -->
  <system-out/>
  <testcase classname="TestCases.Videos" name="Home_Page_Video">
    <skipped/>
  </testcase> <!-- Home_Page_Video -->
  <system-out/>
</testsuite> <!-- TestCases.Videos -->
