<?xml version="1.0" encoding="UTF-8"?>
<!-- Generated by org.testng.reporters.JUnitReportReporter -->
<testsuite hostname="DESKTOP-Q32SSB0" failures="0" tests="9" name="TestCases.HomePage" time="14.992" errors="0" timestamp="2021-02-19T21:23:41 EET" skipped="8">
  <testcase classname="TestCases.HomePage" name="Click_at_Arrow_To_See_Feedback" time="14.992"/>
  <system-out/>
  <testcase classname="TestCases.HomePage" name="Check_If_Emailaddress_Displyed_And_Clickable">
    <skipped/>
  </testcase> <!-- Check_If_Emailaddress_Displyed_And_Clickable -->
  <system-out/>
  <testcase classname="TestCases.HomePage" name="Tools_and_Forms_Packages">
    <skipped/>
  </testcase> <!-- Tools_and_Forms_Packages -->
  <system-out/>
  <testcase classname="TestCases.HomePage" name="CheckIfUserNameClickableAndDisplyed">
    <skipped/>
  </testcase> <!-- CheckIfUserNameClickableAndDisplyed -->
  <system-out/>
  <testcase classname="TestCases.HomePage" name="Click_at_Arrow_To_See_Products">
    <skipped/>
  </testcase> <!-- Click_at_Arrow_To_See_Products -->
  <system-out/>
  <testcase classname="TestCases.HomePage" name="Policies_and_procedures_Packages">
    <skipped/>
  </testcase> <!-- Policies_and_procedures_Packages -->
  <system-out/>
  <testcase classname="TestCases.HomePage" name="Check_If_WishList_Displyed_And_Clickable">
    <skipped/>
  </testcase> <!-- Check_If_WishList_Displyed_And_Clickable -->
  <system-out/>
  <testcase classname="TestCases.HomePage" name="Rapid_Development_Packages">
    <skipped/>
  </testcase> <!-- Rapid_Development_Packages -->
  <system-out/>
  <testcase classname="TestCases.HomePage" name="Webinars_Packages">
    <skipped/>
  </testcase> <!-- Webinars_Packages -->
  <system-out/>
</testsuite> <!-- TestCases.HomePage -->
